<?xml version="1.0" encoding="UTF-8"?>
<testsuite xmlns:xsi="http://www.w3.org/2001/XMLSchema-instance" xsi:noNamespaceSchemaLocation="https://maven.apache.org/surefire/maven-surefire-plugin/xsd/surefire-test-report.xsd" name="com.in28minutes.rest.webservices.restfulwebservices.RestfulWebServicesApplicationTests" time="4.903" tests="1" errors="0" skipped="0" failures="0">
  <properties>
    <property name="java.specification.version" value="17"/>
    <property name="sun.cpu.isalist" value="amd64"/>
    <property name="sun.jnu.encoding" value="Cp1252"/>
    <property name="java.class.path" value="C:\Users\rahul.r\Desktop\01-rest-api-starting-code\01-rest-api-starting-code\target\test-classes;C:\Users\rahul.r\Desktop\01-rest-api-starting-code\01-rest-api-starting-code\target\classes;C:\Users\rahul.r\.m2\repository\org\springframework\boot\spring-boot-starter-web\3.0.0-M4\spring-boot-starter-web-3.0.0-M4.jar;C:\Users\rahul.r\.m2\repository\org\springframework\boot\spring-boot-starter\3.0.0-M4\spring-boot-starter-3.0.0-M4.jar;C:\Users\rahul.r\.m2\repository\org\springframework\boot\spring-boot-starter-logging\3.0.0-M4\spring-boot-starter-logging-3.0.0-M4.jar;C:\Users\rahul.r\.m2\repository\ch\qos\logback\logback-classic\1.2.11\logback-classic-1.2.11.jar;C:\Users\rahul.r\.m2\repository\ch\qos\logback\logback-core\1.2.11\logback-core-1.2.11.jar;C:\Users\rahul.r\.m2\repository\org\apache\logging\log4j\log4j-to-slf4j\2.18.0\log4j-to-slf4j-2.18.0.jar;C:\Users\rahul.r\.m2\repository\org\apache\logging\log4j\log4j-api\2.18.0\log4j-api-2.18.0.jar;C:\Users\rahul.r\.m2\repository\org\slf4j\jul-to-slf4j\1.7.36\jul-to-slf4j-1.7.36.jar;C:\Users\rahul.r\.m2\repository\jakarta\annotation\jakarta.annotation-api\2.0.0\jakarta.annotation-api-2.0.0.jar;C:\Users\rahul.r\.m2\repository\org\yaml\snakeyaml\1.30\snakeyaml-1.30.jar;C:\Users\rahul.r\.m2\repository\org\springframework\boot\spring-boot-starter-json\3.0.0-M4\spring-boot-starter-json-3.0.0-M4.jar;C:\Users\rahul.r\.m2\repository\com\fasterxml\jackson\core\jackson-databind\2.13.3\jackson-databind-2.13.3.jar;C:\Users\rahul.r\.m2\repository\com\fasterxml\jackson\core\jackson-annotations\2.13.3\jackson-annotations-2.13.3.jar;C:\Users\rahul.r\.m2\repository\com\fasterxml\jackson\core\jackson-core\2.13.3\jackson-core-2.13.3.jar;C:\Users\rahul.r\.m2\repository\com\fasterxml\jackson\datatype\jackson-datatype-jdk8\2.13.3\jackson-datatype-jdk8-2.13.3.jar;C:\Users\rahul.r\.m2\repository\com\fasterxml\jackson\datatype\jackson-datatype-jsr310\2.13.3\jackson-datatype-jsr310-2.13.3.jar;C:\Users\rahul.r\.m2\repository\com\fasterxml\jackson\module\jackson-module-parameter-names\2.13.3\jackson-module-parameter-names-2.13.3.jar;C:\Users\rahul.r\.m2\repository\org\springframework\boot\spring-boot-starter-tomcat\3.0.0-M4\spring-boot-starter-tomcat-3.0.0-M4.jar;C:\Users\rahul.r\.m2\repository\org\apache\tomcat\embed\tomcat-embed-core\10.0.22\tomcat-embed-core-10.0.22.jar;C:\Users\rahul.r\.m2\repository\org\apache\tomcat\embed\tomcat-embed-websocket\10.0.22\tomcat-embed-websocket-10.0.22.jar;C:\Users\rahul.r\.m2\repository\org\springframework\spring-web\6.0.0-M5\spring-web-6.0.0-M5.jar;C:\Users\rahul.r\.m2\repository\org\springframework\spring-beans\6.0.0-M5\spring-beans-6.0.0-M5.jar;C:\Users\rahul.r\.m2\repository\org\springframework\spring-webmvc\6.0.0-M5\spring-webmvc-6.0.0-M5.jar;C:\Users\rahul.r\.m2\repository\org\springframework\spring-aop\6.0.0-M5\spring-aop-6.0.0-M5.jar;C:\Users\rahul.r\.m2\repository\org\springframework\spring-context\6.0.0-M5\spring-context-6.0.0-M5.jar;C:\Users\rahul.r\.m2\repository\org\springframework\spring-expression\6.0.0-M5\spring-expression-6.0.0-M5.jar;C:\Users\rahul.r\.m2\repository\org\springframework\boot\spring-boot-starter-validation\3.0.0-M4\spring-boot-starter-validation-3.0.0-M4.jar;C:\Users\rahul.r\.m2\repository\org\apache\tomcat\embed\tomcat-embed-el\10.0.22\tomcat-embed-el-10.0.22.jar;C:\Users\rahul.r\.m2\repository\org\hibernate\validator\hibernate-validator\7.0.4.Final\hibernate-validator-7.0.4.Final.jar;C:\Users\rahul.r\.m2\repository\jakarta\validation\jakarta.validation-api\3.0.2\jakarta.validation-api-3.0.2.jar;C:\Users\rahul.r\.m2\repository\org\jboss\logging\jboss-logging\3.5.0.Final\jboss-logging-3.5.0.Final.jar;C:\Users\rahul.r\.m2\repository\com\fasterxml\classmate\1.5.1\classmate-1.5.1.jar;C:\Users\rahul.r\.m2\repository\org\springframework\boot\spring-boot-devtools\3.0.0-M4\spring-boot-devtools-3.0.0-M4.jar;C:\Users\rahul.r\.m2\repository\org\springframework\boot\spring-boot\3.0.0-M4\spring-boot-3.0.0-M4.jar;C:\Users\rahul.r\.m2\repository\org\springframework\boot\spring-boot-autoconfigure\3.0.0-M4\spring-boot-autoconfigure-3.0.0-M4.jar;C:\Users\rahul.r\.m2\repository\org\springframework\boot\spring-boot-starter-test\3.0.0-M4\spring-boot-starter-test-3.0.0-M4.jar;C:\Users\rahul.r\.m2\repository\org\springframework\boot\spring-boot-test\3.0.0-M4\spring-boot-test-3.0.0-M4.jar;C:\Users\rahul.r\.m2\repository\org\springframework\boot\spring-boot-test-autoconfigure\3.0.0-M4\spring-boot-test-autoconfigure-3.0.0-M4.jar;C:\Users\rahul.r\.m2\repository\com\jayway\jsonpath\json-path\2.7.0\json-path-2.7.0.jar;C:\Users\rahul.r\.m2\repository\net\minidev\json-smart\2.4.8\json-smart-2.4.8.jar;C:\Users\rahul.r\.m2\repository\net\minidev\accessors-smart\2.4.8\accessors-smart-2.4.8.jar;C:\Users\rahul.r\.m2\repository\org\ow2\asm\asm\9.1\asm-9.1.jar;C:\Users\rahul.r\.m2\repository\org\slf4j\slf4j-api\1.7.36\slf4j-api-1.7.36.jar;C:\Users\rahul.r\.m2\repository\jakarta\xml\bind\jakarta.xml.bind-api\3.0.1\jakarta.xml.bind-api-3.0.1.jar;C:\Users\rahul.r\.m2\repository\com\sun\activation\jakarta.activation\2.0.1\jakarta.activation-2.0.1.jar;C:\Users\rahul.r\.m2\repository\org\assertj\assertj-core\3.23.1\assertj-core-3.23.1.jar;C:\Users\rahul.r\.m2\repository\net\bytebuddy\byte-buddy\1.12.12\byte-buddy-1.12.12.jar;C:\Users\rahul.r\.m2\repository\org\hamcrest\hamcrest\2.2\hamcrest-2.2.jar;C:\Users\rahul.r\.m2\repository\org\junit\jupiter\junit-jupiter\5.8.2\junit-jupiter-5.8.2.jar;C:\Users\rahul.r\.m2\repository\org\junit\jupiter\junit-jupiter-api\5.8.2\junit-jupiter-api-5.8.2.jar;C:\Users\rahul.r\.m2\repository\org\opentest4j\opentest4j\1.2.0\opentest4j-1.2.0.jar;C:\Users\rahul.r\.m2\repository\org\junit\platform\junit-platform-commons\1.8.2\junit-platform-commons-1.8.2.jar;C:\Users\rahul.r\.m2\repository\org\apiguardian\apiguardian-api\1.1.2\apiguardian-api-1.1.2.jar;C:\Users\rahul.r\.m2\repository\org\junit\jupiter\junit-jupiter-params\5.8.2\junit-jupiter-params-5.8.2.jar;C:\Users\rahul.r\.m2\repository\org\junit\jupiter\junit-jupiter-engine\5.8.2\junit-jupiter-engine-5.8.2.jar;C:\Users\rahul.r\.m2\repository\org\junit\platform\junit-platform-engine\1.8.2\junit-platform-engine-1.8.2.jar;C:\Users\rahul.r\.m2\repository\org\mockito\mockito-core\4.6.1\mockito-core-4.6.1.jar;C:\Users\rahul.r\.m2\repository\net\bytebuddy\byte-buddy-agent\1.12.12\byte-buddy-agent-1.12.12.jar;C:\Users\rahul.r\.m2\repository\org\objenesis\objenesis\3.2\objenesis-3.2.jar;C:\Users\rahul.r\.m2\repository\org\mockito\mockito-junit-jupiter\4.6.1\mockito-junit-jupiter-4.6.1.jar;C:\Users\rahul.r\.m2\repository\org\skyscreamer\jsonassert\1.5.1\jsonassert-1.5.1.jar;C:\Users\rahul.r\.m2\repository\com\vaadin\external\google\android-json\0.0.20131108.vaadin1\android-json-0.0.20131108.vaadin1.jar;C:\Users\rahul.r\.m2\repository\org\springframework\spring-core\6.0.0-M5\spring-core-6.0.0-M5.jar;C:\Users\rahul.r\.m2\repository\org\springframework\spring-jcl\6.0.0-M5\spring-jcl-6.0.0-M5.jar;C:\Users\rahul.r\.m2\repository\org\springframework\spring-test\6.0.0-M5\spring-test-6.0.0-M5.jar;C:\Users\rahul.r\.m2\repository\org\xmlunit\xmlunit-core\2.9.0\xmlunit-core-2.9.0.jar;"/>
    <property name="java.vm.vendor" value="Oracle Corporation"/>
    <property name="sun.arch.data.model" value="64"/>
    <property name="user.variant" value=""/>
    <property name="java.vendor.url" value="https://java.oracle.com/"/>
    <property name="user.timezone" value="Asia/Calcutta"/>
    <property name="os.name" value="Windows 10"/>
    <property name="java.vm.specification.version" value="17"/>
    <property name="sun.java.launcher" value="SUN_STANDARD"/>
    <property name="user.country" value="US"/>
    <property name="sun.boot.library.path" value="C:\Program Files\Java\jdk-17\bin"/>
    <property name="sun.java.command" value="C:\Users\rahul.r\AppData\Local\Temp\surefire4596013594514160043\surefirebooter4372609424409330258.jar C:\Users\rahul.r\AppData\Local\Temp\surefire4596013594514160043 2024-03-25T14-49-08_065-jvmRun1 surefire13746166558050026136tmp surefire_010291071228872517487tmp"/>
    <property name="jdk.debug" value="release"/>
    <property name="surefire.test.class.path" value="C:\Users\rahul.r\Desktop\01-rest-api-starting-code\01-rest-api-starting-code\target\test-classes;C:\Users\rahul.r\Desktop\01-rest-api-starting-code\01-rest-api-starting-code\target\classes;C:\Users\rahul.r\.m2\repository\org\springframework\boot\spring-boot-starter-web\3.0.0-M4\spring-boot-starter-web-3.0.0-M4.jar;C:\Users\rahul.r\.m2\repository\org\springframework\boot\spring-boot-starter\3.0.0-M4\spring-boot-starter-3.0.0-M4.jar;C:\Users\rahul.r\.m2\repository\org\springframework\boot\spring-boot-starter-logging\3.0.0-M4\spring-boot-starter-logging-3.0.0-M4.jar;C:\Users\rahul.r\.m2\repository\ch\qos\logback\logback-classic\1.2.11\logback-classic-1.2.11.jar;C:\Users\rahul.r\.m2\repository\ch\qos\logback\logback-core\1.2.11\logback-core-1.2.11.jar;C:\Users\rahul.r\.m2\repository\org\apache\logging\log4j\log4j-to-slf4j\2.18.0\log4j-to-slf4j-2.18.0.jar;C:\Users\rahul.r\.m2\repository\org\apache\logging\log4j\log4j-api\2.18.0\log4j-api-2.18.0.jar;C:\Users\rahul.r\.m2\repository\org\slf4j\jul-to-slf4j\1.7.36\jul-to-slf4j-1.7.36.jar;C:\Users\rahul.r\.m2\repository\jakarta\annotation\jakarta.annotation-api\2.0.0\jakarta.annotation-api-2.0.0.jar;C:\Users\rahul.r\.m2\repository\org\yaml\snakeyaml\1.30\snakeyaml-1.30.jar;C:\Users\rahul.r\.m2\repository\org\springframework\boot\spring-boot-starter-json\3.0.0-M4\spring-boot-starter-json-3.0.0-M4.jar;C:\Users\rahul.r\.m2\repository\com\fasterxml\jackson\core\jackson-databind\2.13.3\jackson-databind-2.13.3.jar;C:\Users\rahul.r\.m2\repository\com\fasterxml\jackson\core\jackson-annotations\2.13.3\jackson-annotations-2.13.3.jar;C:\Users\rahul.r\.m2\repository\com\fasterxml\jackson\core\jackson-core\2.13.3\jackson-core-2.13.3.jar;C:\Users\rahul.r\.m2\repository\com\fasterxml\jackson\datatype\jackson-datatype-jdk8\2.13.3\jackson-datatype-jdk8-2.13.3.jar;C:\Users\rahul.r\.m2\repository\com\fasterxml\jackson\datatype\jackson-datatype-jsr310\2.13.3\jackson-datatype-jsr310-2.13.3.jar;C:\Users\rahul.r\.m2\repository\com\fasterxml\jackson\module\jackson-module-parameter-names\2.13.3\jackson-module-parameter-names-2.13.3.jar;C:\Users\rahul.r\.m2\repository\org\springframework\boot\spring-boot-starter-tomcat\3.0.0-M4\spring-boot-starter-tomcat-3.0.0-M4.jar;C:\Users\rahul.r\.m2\repository\org\apache\tomcat\embed\tomcat-embed-core\10.0.22\tomcat-embed-core-10.0.22.jar;C:\Users\rahul.r\.m2\repository\org\apache\tomcat\embed\tomcat-embed-websocket\10.0.22\tomcat-embed-websocket-10.0.22.jar;C:\Users\rahul.r\.m2\repository\org\springframework\spring-web\6.0.0-M5\spring-web-6.0.0-M5.jar;C:\Users\rahul.r\.m2\repository\org\springframework\spring-beans\6.0.0-M5\spring-beans-6.0.0-M5.jar;C:\Users\rahul.r\.m2\repository\org\springframework\spring-webmvc\6.0.0-M5\spring-webmvc-6.0.0-M5.jar;C:\Users\rahul.r\.m2\repository\org\springframework\spring-aop\6.0.0-M5\spring-aop-6.0.0-M5.jar;C:\Users\rahul.r\.m2\repository\org\springframework\spring-context\6.0.0-M5\spring-context-6.0.0-M5.jar;C:\Users\rahul.r\.m2\repository\org\springframework\spring-expression\6.0.0-M5\spring-expression-6.0.0-M5.jar;C:\Users\rahul.r\.m2\repository\org\springframework\boot\spring-boot-starter-validation\3.0.0-M4\spring-boot-starter-validation-3.0.0-M4.jar;C:\Users\rahul.r\.m2\repository\org\apache\tomcat\embed\tomcat-embed-el\10.0.22\tomcat-embed-el-10.0.22.jar;C:\Users\rahul.r\.m2\repository\org\hibernate\validator\hibernate-validator\7.0.4.Final\hibernate-validator-7.0.4.Final.jar;C:\Users\rahul.r\.m2\repository\jakarta\validation\jakarta.validation-api\3.0.2\jakarta.validation-api-3.0.2.jar;C:\Users\rahul.r\.m2\repository\org\jboss\logging\jboss-logging\3.5.0.Final\jboss-logging-3.5.0.Final.jar;C:\Users\rahul.r\.m2\repository\com\fasterxml\classmate\1.5.1\classmate-1.5.1.jar;C:\Users\rahul.r\.m2\repository\org\springframework\boot\spring-boot-devtools\3.0.0-M4\spring-boot-devtools-3.0.0-M4.jar;C:\Users\rahul.r\.m2\repository\org\springframework\boot\spring-boot\3.0.0-M4\spring-boot-3.0.0-M4.jar;C:\Users\rahul.r\.m2\repository\org\springframework\boot\spring-boot-autoconfigure\3.0.0-M4\spring-boot-autoconfigure-3.0.0-M4.jar;C:\Users\rahul.r\.m2\repository\org\springframework\boot\spring-boot-starter-test\3.0.0-M4\spring-boot-starter-test-3.0.0-M4.jar;C:\Users\rahul.r\.m2\repository\org\springframework\boot\spring-boot-test\3.0.0-M4\spring-boot-test-3.0.0-M4.jar;C:\Users\rahul.r\.m2\repository\org\springframework\boot\spring-boot-test-autoconfigure\3.0.0-M4\spring-boot-test-autoconfigure-3.0.0-M4.jar;C:\Users\rahul.r\.m2\repository\com\jayway\jsonpath\json-path\2.7.0\json-path-2.7.0.jar;C:\Users\rahul.r\.m2\repository\net\minidev\json-smart\2.4.8\json-smart-2.4.8.jar;C:\Users\rahul.r\.m2\repository\net\minidev\accessors-smart\2.4.8\accessors-smart-2.4.8.jar;C:\Users\rahul.r\.m2\repository\org\ow2\asm\asm\9.1\asm-9.1.jar;C:\Users\rahul.r\.m2\repository\org\slf4j\slf4j-api\1.7.36\slf4j-api-1.7.36.jar;C:\Users\rahul.r\.m2\repository\jakarta\xml\bind\jakarta.xml.bind-api\3.0.1\jakarta.xml.bind-api-3.0.1.jar;C:\Users\rahul.r\.m2\repository\com\sun\activation\jakarta.activation\2.0.1\jakarta.activation-2.0.1.jar;C:\Users\rahul.r\.m2\repository\org\assertj\assertj-core\3.23.1\assertj-core-3.23.1.jar;C:\Users\rahul.r\.m2\repository\net\bytebuddy\byte-buddy\1.12.12\byte-buddy-1.12.12.jar;C:\Users\rahul.r\.m2\repository\org\hamcrest\hamcrest\2.2\hamcrest-2.2.jar;C:\Users\rahul.r\.m2\repository\org\junit\jupiter\junit-jupiter\5.8.2\junit-jupiter-5.8.2.jar;C:\Users\rahul.r\.m2\repository\org\junit\jupiter\junit-jupiter-api\5.8.2\junit-jupiter-api-5.8.2.jar;C:\Users\rahul.r\.m2\repository\org\opentest4j\opentest4j\1.2.0\opentest4j-1.2.0.jar;C:\Users\rahul.r\.m2\repository\org\junit\platform\junit-platform-commons\1.8.2\junit-platform-commons-1.8.2.jar;C:\Users\rahul.r\.m2\repository\org\apiguardian\apiguardian-api\1.1.2\apiguardian-api-1.1.2.jar;C:\Users\rahul.r\.m2\repository\org\junit\jupiter\junit-jupiter-params\5.8.2\junit-jupiter-params-5.8.2.jar;C:\Users\rahul.r\.m2\repository\org\junit\jupiter\junit-jupiter-engine\5.8.2\junit-jupiter-engine-5.8.2.jar;C:\Users\rahul.r\.m2\repository\org\junit\platform\junit-platform-engine\1.8.2\junit-platform-engine-1.8.2.jar;C:\Users\rahul.r\.m2\repository\org\mockito\mockito-core\4.6.1\mockito-core-4.6.1.jar;C:\Users\rahul.r\.m2\repository\net\bytebuddy\byte-buddy-agent\1.12.12\byte-buddy-agent-1.12.12.jar;C:\Users\rahul.r\.m2\repository\org\objenesis\objenesis\3.2\objenesis-3.2.jar;C:\Users\rahul.r\.m2\repository\org\mockito\mockito-junit-jupiter\4.6.1\mockito-junit-jupiter-4.6.1.jar;C:\Users\rahul.r\.m2\repository\org\skyscreamer\jsonassert\1.5.1\jsonassert-1.5.1.jar;C:\Users\rahul.r\.m2\repository\com\vaadin\external\google\android-json\0.0.20131108.vaadin1\android-json-0.0.20131108.vaadin1.jar;C:\Users\rahul.r\.m2\repository\org\springframework\spring-core\6.0.0-M5\spring-core-6.0.0-M5.jar;C:\Users\rahul.r\.m2\repository\org\springframework\spring-jcl\6.0.0-M5\spring-jcl-6.0.0-M5.jar;C:\Users\rahul.r\.m2\repository\org\springframework\spring-test\6.0.0-M5\spring-test-6.0.0-M5.jar;C:\Users\rahul.r\.m2\repository\org\xmlunit\xmlunit-core\2.9.0\xmlunit-core-2.9.0.jar;"/>
    <property name="sun.cpu.endian" value="little"/>
    <property name="user.home" value="C:\Users\rahul.r"/>
    <property name="user.language" value="en"/>
    <property name="java.specification.vendor" value="Oracle Corporation"/>
    <property name="java.version.date" value="2024-01-16"/>
    <property name="java.home" value="C:\Program Files\Java\jdk-17"/>
    <property name="file.separator" value="\"/>
    <property name="basedir" value="C:\Users\rahul.r\Desktop\01-rest-api-starting-code\01-rest-api-starting-code"/>
    <property name="java.vm.compressedOopsMode" value="32-bit"/>
    <property name="line.separator" value="&#10;"/>
    <property name="java.vm.specification.vendor" value="Oracle Corporation"/>
    <property name="java.specification.name" value="Java Platform API Specification"/>
    <property name="surefire.real.class.path" value="C:\Users\rahul.r\AppData\Local\Temp\surefire4596013594514160043\surefirebooter4372609424409330258.jar"/>
    <property name="user.script" value=""/>
    <property name="sun.management.compiler" value="HotSpot 64-Bit Tiered Compilers"/>
    <property name="java.runtime.version" value="17.0.10+11-LTS-240"/>
    <property name="user.name" value="rahul.r"/>
    <property name="path.separator" value=";"/>
    <property name="os.version" value="10.0"/>
    <property name="java.runtime.name" value="Java(TM) SE Runtime Environment"/>
    <property name="file.encoding" value="Cp1252"/>
    <property name="java.vm.name" value="Java HotSpot(TM) 64-Bit Server VM"/>
    <property name="localRepository" value="C:\Users\rahul.r\.m2\repository"/>
    <property name="java.vendor.url.bug" value="https://bugreport.java.com/bugreport/"/>
    <property name="java.io.tmpdir" value="C:\Users\rahul.r\AppData\Local\Temp\"/>
    <property name="idea.version" value="2023.3.4"/>
    <property name="java.version" value="17.0.10"/>
    <property name="user.dir" value="C:\Users\rahul.r\Desktop\01-rest-api-starting-code\01-rest-api-starting-code"/>
    <property name="os.arch" value="amd64"/>
    <property name="java.vm.specification.name" value="Java Virtual Machine Specification"/>
    <property name="sun.os.patch.level" value=""/>
    <property name="native.encoding" value="Cp1252"/>
    <property name="java.library.path" value="C:\Program Files\Java\jdk-17\bin;C:\Windows\Sun\Java\bin;C:\Windows\system32;C:\Windows;C:\Program Files\Java\jdk-17\bin;C:\Program Files\Common Files\Oracle\Java\javapath;C:\Program Files (x86)\Common Files\Oracle\Java\javapath;C:\Windows\system32;C:\Windows;C:\Windows\System32\Wbem;C:\Windows\System32\WindowsPowerShell\v1.0\;C:\Windows\System32\OpenSSH\;C:\Program Files\gs\gs10.00.0\bin;C:\Program Files\PuTTY\;C:\Program Files\nodejs\;C:\Users\rahul.r\Downloads\ArangoDB3-3.11.7_win64\usr\bin;C:\Users\rahul.r\AppData\Local\Programs\Python\Python39;C:\Program Files\Git\cmd;C:\Program Files\Java\jdk-11\bin;C:\Program Files\apache-maven-3.9.6\bin;;C:\Program Files\Docker\Docker\resources\bin;C:\Users\rahul.r\AppData\Local\Programs\Python\Launcher\;C:\Users\rahul.r\AppData\Local\Microsoft\WindowsApps;C:\Users\rahul.r\AppData\Local\Programs\Microsoft VS Code\bin;C:\Users\rahul.r\AppData\Roaming\npm;C:\Program Files\JetBrains\IntelliJ IDEA 2023.3.4\bin;;."/>
    <property name="java.vm.info" value="mixed mode, sharing"/>
    <property name="java.vendor" value="Oracle Corporation"/>
    <property name="java.vm.version" value="17.0.10+11-LTS-240"/>
    <property name="sun.io.unicode.encoding" value="UnicodeLittle"/>
    <property name="java.class.version" value="61.0"/>
  </properties>
  <testcase name="contextLoads" classname="com.in28minutes.rest.webservices.restfulwebservices.RestfulWebServicesApplicationTests" time="0.932"/>
</testsuite>